[debug] [2025-08-18T09:43:38.341Z] ----------------------------------------------------------------------
[debug] [2025-08-18T09:43:38.343Z] Command:       C:\Program Files\nodejs\node.exe C:\Users\joyde\AppData\Roaming\npm\node_modules\firebase-tools\lib\bin\firebase.js init
[debug] [2025-08-18T09:43:38.343Z] CLI Version:   14.12.1
[debug] [2025-08-18T09:43:38.343Z] Platform:      win32
[debug] [2025-08-18T09:43:38.343Z] Node Version:  v22.2.0
[debug] [2025-08-18T09:43:38.343Z] Time:          Mon Aug 18 2025 15:13:38 GMT+0530 (India Standard Time)
[debug] [2025-08-18T09:43:38.343Z] ----------------------------------------------------------------------
[debug] 
[debug] [2025-08-18T09:43:38.349Z] > command requires scopes: ["email","openid","https://www.googleapis.com/auth/cloudplatformprojects.readonly","https://www.googleapis.com/auth/firebase","https://www.googleapis.com/auth/cloud-platform"]
[debug] [2025-08-18T09:43:38.349Z] > authorizing via signed-in user (joydeepnath279@gmail.com)
[info] 
     ######## #### ########  ######## ########     ###     ######  ########
     ##        ##  ##     ## ##       ##     ##  ##   ##  ##       ##
     ######    ##  ########  ######   ########  #########  ######  ######
     ##        ##  ##    ##  ##       ##     ## ##     ##       ## ##
     ##       #### ##     ## ######## ########  ##     ##  ######  ########

You're about to initialize a Firebase project in this directory:

  C:\Users\joyde\OneDrive\Documents\Netflix-gpt

[info] 
=== Project Setup
[info] 
[info] First, let's associate this project directory with a Firebase project.
[info] You can create multiple project aliases by running firebase use --add, 
[info] but for now we'll just set up a default project.
[info] 
[debug] [2025-08-18T09:43:49.510Z] Checked if tokens are valid: false, expires at: 1724054877592
[debug] [2025-08-18T09:43:49.511Z] Checked if tokens are valid: false, expires at: 1724054877592
[debug] [2025-08-18T09:43:49.511Z] > refreshing access token with scopes: []
[debug] [2025-08-18T09:43:49.512Z] >>> [apiv2][query] POST https://www.googleapis.com/oauth2/v3/token [none]
[debug] [2025-08-18T09:43:49.512Z] >>> [apiv2][body] POST https://www.googleapis.com/oauth2/v3/token [omitted]
[debug] [2025-08-18T09:43:49.905Z] <<< [apiv2][status] POST https://www.googleapis.com/oauth2/v3/token 400
[debug] [2025-08-18T09:43:49.905Z] <<< [apiv2][body] POST https://www.googleapis.com/oauth2/v3/token [omitted]
[debug] [2025-08-18T09:43:49.906Z] >>> [apiv2][query] GET https://firebase.googleapis.com/v1beta1/projects pageSize=100
[debug] [2025-08-18T09:43:50.618Z] <<< [apiv2][status] GET https://firebase.googleapis.com/v1beta1/projects 401
[debug] [2025-08-18T09:43:50.618Z] <<< [apiv2][body] GET https://firebase.googleapis.com/v1beta1/projects [omitted]
[debug] [2025-08-18T09:43:50.618Z] Got a 401 Unauthenticated error for a call that required authentication. Refreshing tokens.
[debug] [2025-08-18T09:43:50.618Z] Checked if tokens are valid: false, expires at: 1724054877592
[debug] [2025-08-18T09:43:50.618Z] Checked if tokens are valid: false, expires at: 1724054877592
[debug] [2025-08-18T09:43:50.618Z] > refreshing access token with scopes: []
[debug] [2025-08-18T09:43:50.619Z] >>> [apiv2][query] POST https://www.googleapis.com/oauth2/v3/token [none]
[debug] [2025-08-18T09:43:50.619Z] >>> [apiv2][body] POST https://www.googleapis.com/oauth2/v3/token [omitted]
[debug] [2025-08-18T09:43:50.755Z] <<< [apiv2][status] POST https://www.googleapis.com/oauth2/v3/token 400
[debug] [2025-08-18T09:43:50.755Z] <<< [apiv2][body] POST https://www.googleapis.com/oauth2/v3/token [omitted]
[debug] [2025-08-18T09:43:50.757Z] Request to https://firebase.googleapis.com/v1beta1/projects?pageSize=100 had HTTP Error: 401, Request had invalid authentication credentials. Expected OAuth 2 access token, login cookie or other valid authentication credential. See https://developers.google.com/identity/sign-in/web/devconsole-project.
[debug] [2025-08-18T09:43:51.022Z] FirebaseError: Request to https://firebase.googleapis.com/v1beta1/projects?pageSize=100 had HTTP Error: 401, Request had invalid authentication credentials. Expected OAuth 2 access token, login cookie or other valid authentication credential. See https://developers.google.com/identity/sign-in/web/devconsole-project.
    at responseToError (C:\Users\joyde\AppData\Roaming\npm\node_modules\firebase-tools\lib\responseToError.js:52:12)
    at RetryOperation._fn (C:\Users\joyde\AppData\Roaming\npm\node_modules\firebase-tools\lib\apiv2.js:312:77)
    at process.processTicksAndRejections (node:internal/process/task_queues:95:5)
[error] 
[error] Error: Failed to list Firebase projects. See firebase-debug.log for more info.
